0 verbose cli C:\Program Files\nodejs\node.exe C:\Users\User\AppData\Roaming\npm\node_modules\npm\bin\npm-cli.js
1 info using npm@10.5.2
2 info using node@v22.11.0
3 timing npm:load:whichnode Completed in 150ms
4 timing config:load:defaults Completed in 19ms
5 timing config:load:file:C:\Users\User\AppData\Roaming\npm\node_modules\npm\npmrc Completed in 95ms
6 timing config:load:builtin Completed in 96ms
7 timing config:load:cli Completed in 34ms
8 timing config:load:env Completed in 7ms
9 timing config:load:file:c:\Users\User\.npmrc Completed in 72ms
10 timing config:load:project Completed in 126ms
11 timing config:load:file:C:\Users\User\.npmrc Completed in 244ms
12 timing config:load:user Completed in 246ms
13 timing config:load:file:C:\Users\User\AppData\Roaming\npm\etc\npmrc Completed in 39ms
14 timing config:load:global Completed in 41ms
15 timing config:load:setEnvs Completed in 20ms
16 timing config:load Completed in 603ms
17 timing npm:load:configload Completed in 604ms
18 timing config:load:flatten Completed in 6ms
19 timing npm:load:mkdirpcache Completed in 15ms
20 timing npm:load:mkdirplogs Completed in 21ms
21 verbose title npm config get prefix
22 verbose argv "config" "get" "prefix"
23 timing npm:load:setTitle Completed in 42ms
24 timing npm:load:display Completed in 3ms
25 verbose logfile logs-max:10 dir:c:\Users\User\OneDrive\Bureau\Portf\Portfoli.oFatmaKCHAOU-main\cd\_logs\2025-11-07T17_56_11_353Z-
26 verbose logfile c:\Users\User\OneDrive\Bureau\Portf\Portfoli.oFatmaKCHAOU-main\cd\_logs\2025-11-07T17_56_11_353Z-debug-0.log
27 timing npm:load:logFile Completed in 47ms
28 timing npm:load:timers Completed in 0ms
29 timing npm:load:configScope Completed in 0ms
30 timing npm:load Completed in 1113ms
31 timing command:config Completed in 9ms
32 verbose exit 0
33 timing npm Completed in 1678ms
34 info ok
