0 verbose cli C:\Program Files\nodejs\node.exe C:\Users\User\AppData\Roaming\npm\node_modules\npm\bin\npm-cli.js
1 info using npm@10.5.2
2 info using node@v22.11.0
3 timing npm:load:whichnode Completed in 43ms
4 timing config:load:defaults Completed in 5ms
5 timing config:load:file:C:\Users\User\AppData\Roaming\npm\node_modules\npm\npmrc Completed in 15ms
6 timing config:load:builtin Completed in 15ms
7 timing config:load:cli Completed in 7ms
8 timing config:load:env Completed in 1ms
9 timing config:load:file:c:\Users\User\.npmrc Completed in 9ms
10 timing config:load:project Completed in 86ms
11 timing config:load:file:C:\Users\User\.npmrc Completed in 5ms
12 timing config:load:user Completed in 5ms
13 timing config:load:file:C:\Users\User\AppData\Roaming\npm\etc\npmrc Completed in 13ms
14 timing config:load:global Completed in 13ms
15 timing config:load:setEnvs Completed in 3ms
16 timing config:load Completed in 141ms
17 timing npm:load:configload Completed in 141ms
18 timing config:load:flatten Completed in 5ms
19 timing npm:load:mkdirpcache Completed in 2ms
20 timing npm:load:mkdirplogs Completed in 1ms
21 verbose title npm config get prefix
22 verbose argv "config" "get" "prefix"
23 timing npm:load:setTitle Completed in 4ms
24 timing npm:load:display Completed in 4ms
25 verbose logfile logs-max:10 dir:c:\Users\User\OneDrive\Bureau\Portf\Portfolio\cd\_logs\2026-01-04T21_21_24_811Z-
26 verbose logfile c:\Users\User\OneDrive\Bureau\Portf\Portfolio\cd\_logs\2026-01-04T21_21_24_811Z-debug-0.log
27 timing npm:load:logFile Completed in 10ms
28 timing npm:load:timers Completed in 0ms
29 timing npm:load:configScope Completed in 0ms
30 timing npm:load Completed in 322ms
31 timing command:config Completed in 3ms
32 verbose exit 0
33 timing npm Completed in 424ms
34 info ok
